
========================[ Apr 30, 2013 11:33 AM ]========================
Version 2.2.26 [Sep-21-2011]
Started database file "/tmp/cug/361818618_query.fasta"
Formatted 11 sequences in volume 0
SUCCESS: formatted database /tmp/cug/361818618_query_db

========================[ Apr 30, 2013 11:45 AM ]========================
Version 2.2.26 [Sep-21-2011]
Started database file "/tmp/cug/194105697_query.fasta"
Formatted 11 sequences in volume 0
SUCCESS: formatted database /tmp/cug/194105697_query_db

========================[ Apr 30, 2013 11:48 AM ]========================
Version 2.2.26 [Sep-21-2011]
Started database file "/tmp/cug/490279409_query.fasta"
Formatted 11 sequences in volume 0
SUCCESS: formatted database /tmp/cug/490279409_query_db

========================[ Apr 30, 2013 11:48 AM ]========================
Version 2.2.26 [Sep-21-2011]
Started database file "/tmp/cug/490279409_query.fasta"
Formatted 11 sequences in volume 0
SUCCESS: formatted database /tmp/cug/490279409_query_db

========================[ Apr 30, 2013 11:49 AM ]========================
Version 2.2.26 [Sep-21-2011]
Started database file "/tmp/cug/490279409_query.fasta"
Formatted 11 sequences in volume 0
SUCCESS: formatted database /tmp/cug/490279409_query_db

========================[ Apr 30, 2013 11:49 AM ]========================
Version 2.2.26 [Sep-21-2011]
Started database file "/tmp/cug/490279409_query.fasta"
Formatted 11 sequences in volume 0
SUCCESS: formatted database /tmp/cug/490279409_query_db

========================[ Apr 30, 2013 11:49 AM ]========================
Version 2.2.26 [Sep-21-2011]
Started database file "/tmp/cug/490279409_query.fasta"
Formatted 11 sequences in volume 0
SUCCESS: formatted database /tmp/cug/490279409_query_db

========================[ Apr 30, 2013 11:49 AM ]========================
Version 2.2.26 [Sep-21-2011]
Started database file "/tmp/cug/490279409_query.fasta"
Formatted 11 sequences in volume 0
SUCCESS: formatted database /tmp/cug/490279409_query_db

========================[ Apr 30, 2013 11:51 AM ]========================
Version 2.2.26 [Sep-21-2011]
Started database file "/tmp/cug/490279409_query.fasta"
Formatted 11 sequences in volume 0
SUCCESS: formatted database /tmp/cug/490279409_query_db

========================[ Apr 30, 2013 12:49 PM ]========================
Version 2.2.26 [Sep-21-2011]
Started database file "/tmp/cug/675706557_query.fasta"
Formatted 11 sequences in volume 0
SUCCESS: formatted database /tmp/cug/675706557_query_db

========================[ Apr 30, 2013 12:50 PM ]========================
Version 2.2.26 [Sep-21-2011]
Started database file "/tmp/cug/978231635_query.fasta"
Formatted 11 sequences in volume 0
SUCCESS: formatted database /tmp/cug/978231635_query_db

========================[ Apr 30, 2013 12:55 PM ]========================
Version 2.2.26 [Sep-21-2011]
Started database file "/tmp/cug/432048979_query.fasta"
Formatted 11 sequences in volume 0
SUCCESS: formatted database /tmp/cug/432048979_query_db

========================[ Apr 30, 2013  1:11 PM ]========================
Version 2.2.26 [Sep-21-2011]
Started database file "/tmp/cug/631082623_query.fasta"
Formatted 11 sequences in volume 0
SUCCESS: formatted database /tmp/cug/631082623_query_db

========================[ Apr 30, 2013  1:27 PM ]========================
Version 2.2.26 [Sep-21-2011]
Started database file "/tmp/cug/561295624_query.fasta"
Formatted 11 sequences in volume 0
SUCCESS: formatted database /tmp/cug/561295624_query_db

========================[ Apr 30, 2013  1:31 PM ]========================
Version 2.2.26 [Sep-21-2011]
Started database file "/tmp/cug/75374306_query.fasta"
Formatted 11 sequences in volume 0
SUCCESS: formatted database /tmp/cug/75374306_query_db

========================[ Apr 30, 2013  1:34 PM ]========================
Version 2.2.26 [Sep-21-2011]
Started database file "/tmp/cug/348377461_query.fasta"
Formatted 11 sequences in volume 0
SUCCESS: formatted database /tmp/cug/348377461_query_db

========================[ Apr 30, 2013  1:59 PM ]========================
Version 2.2.26 [Sep-21-2011]
Started database file "/tmp/cug/820641660_query.fasta"
Formatted 11 sequences in volume 0
SUCCESS: formatted database /tmp/cug/820641660_query_db

========================[ Apr 30, 2013  2:03 PM ]========================
Version 2.2.26 [Sep-21-2011]
Started database file "/tmp/cug/858749754_query.fasta"
Formatted 11 sequences in volume 0
SUCCESS: formatted database /tmp/cug/858749754_query_db

========================[ Apr 30, 2013  2:57 PM ]========================
Version 2.2.26 [Sep-21-2011]
Started database file "/tmp/cug/698291251_query.fasta"
Formatted 11 sequences in volume 0
SUCCESS: formatted database /tmp/cug/698291251_query_db

========================[ Apr 30, 2013  2:57 PM ]========================
Version 2.2.26 [Sep-21-2011]
Started database file "/tmp/cug/2489138_query.fasta"
Formatted 11 sequences in volume 0
SUCCESS: formatted database /tmp/cug/2489138_query_db

========================[ Apr 30, 2013  3:10 PM ]========================
Version 2.2.26 [Sep-21-2011]
Started database file "/tmp/cug/310314474_query.fasta"
Formatted 11 sequences in volume 0
SUCCESS: formatted database /tmp/cug/310314474_query_db

========================[ Apr 30, 2013  3:39 PM ]========================
Version 2.2.26 [Sep-21-2011]
Started database file "/tmp/cug/245115039_query.fasta"
Formatted 11 sequences in volume 0
SUCCESS: formatted database /tmp/cug/245115039_query_db

========================[ May 2, 2013  9:10 AM ]========================
Version 2.2.26 [Sep-21-2011]
Started database file "/tmp/cug/675647036_query.fasta"
Formatted 11 sequences in volume 0
SUCCESS: formatted database /tmp/cug/675647036_query_db

========================[ May 2, 2013  9:14 AM ]========================
Version 2.2.26 [Sep-21-2011]
Started database file "/tmp/cug/347156007_query.fasta"
Formatted 11 sequences in volume 0
SUCCESS: formatted database /tmp/cug/347156007_query_db

========================[ May 2, 2013 10:30 AM ]========================
Version 2.2.26 [Sep-21-2011]
Started database file "/tmp/cug/446649591_query.fasta"
Formatted 11 sequences in volume 0
SUCCESS: formatted database /tmp/cug/446649591_query_db

========================[ May 2, 2013 10:32 AM ]========================
Version 2.2.26 [Sep-21-2011]
Started database file "/tmp/cug/721268401_query.fasta"
Formatted 11 sequences in volume 0
SUCCESS: formatted database /tmp/cug/721268401_query_db

========================[ May 2, 2013 10:39 AM ]========================
Version 2.2.26 [Sep-21-2011]
Started database file "/tmp/cug/483119581_query.fasta"
Formatted 11 sequences in volume 0
SUCCESS: formatted database /tmp/cug/483119581_query_db

========================[ May 2, 2013 11:42 AM ]========================
Version 2.2.26 [Sep-21-2011]
Started database file "/tmp/cug/895355524_query.fasta"
Formatted 11 sequences in volume 0
SUCCESS: formatted database /tmp/cug/895355524_query_db

========================[ May 2, 2013 12:27 PM ]========================
Version 2.2.26 [Sep-21-2011]
Started database file "/tmp/cug/50185260_query.fasta"
Formatted 11 sequences in volume 0
SUCCESS: formatted database /tmp/cug/50185260_query_db

========================[ May 2, 2013 12:37 PM ]========================
Version 2.2.26 [Sep-21-2011]
Started database file "/tmp/cug/816299044_query.fasta"
Formatted 11 sequences in volume 0
SUCCESS: formatted database /tmp/cug/816299044_query_db

========================[ May 2, 2013  1:29 PM ]========================
Version 2.2.26 [Sep-21-2011]
Started database file "/tmp/cug/934947378_query.fasta"
Formatted 11 sequences in volume 0
SUCCESS: formatted database /tmp/cug/934947378_query_db

========================[ May 2, 2013  1:31 PM ]========================
Version 2.2.26 [Sep-21-2011]
Started database file "/tmp/cug/888819600_query.fasta"
Formatted 11 sequences in volume 0
SUCCESS: formatted database /tmp/cug/888819600_query_db

========================[ May 2, 2013  1:39 PM ]========================
Version 2.2.26 [Sep-21-2011]
Started database file "/tmp/cug/857150052_query.fasta"
Formatted 11 sequences in volume 0
SUCCESS: formatted database /tmp/cug/857150052_query_db

========================[ May 2, 2013  1:42 PM ]========================
Version 2.2.26 [Sep-21-2011]
Started database file "/tmp/cug/994814142_query.fasta"
Formatted 11 sequences in volume 0
SUCCESS: formatted database /tmp/cug/994814142_query_db

========================[ May 2, 2013  1:48 PM ]========================
Version 2.2.26 [Sep-21-2011]
Started database file "/tmp/cug/918928561_query.fasta"
Formatted 11 sequences in volume 0
SUCCESS: formatted database /tmp/cug/918928561_query_db

========================[ May 2, 2013  2:45 PM ]========================
Version 2.2.26 [Sep-21-2011]
Started database file "/tmp/cug/651153009_query.fasta"
Formatted 11 sequences in volume 0
SUCCESS: formatted database /tmp/cug/651153009_query_db

========================[ May 3, 2013  8:55 AM ]========================
Version 2.2.26 [Sep-21-2011]
Started database file "/tmp/cug/356601939_query.fasta"
Formatted 11 sequences in volume 0
SUCCESS: formatted database /tmp/cug/356601939_query_db

========================[ May 3, 2013 10:09 AM ]========================
Version 2.2.26 [Sep-21-2011]
Started database file "/tmp/cug/254121938_query.fasta"
Formatted 11 sequences in volume 0
SUCCESS: formatted database /tmp/cug/254121938_query_db

========================[ May 3, 2013 10:13 AM ]========================
Version 2.2.26 [Sep-21-2011]
Started database file "/tmp/cug/66383106_query.fasta"
Formatted 11 sequences in volume 0
SUCCESS: formatted database /tmp/cug/66383106_query_db

========================[ May 3, 2013 10:16 AM ]========================
Version 2.2.26 [Sep-21-2011]
Started database file "/tmp/cug/568736387_query.fasta"
Formatted 11 sequences in volume 0
SUCCESS: formatted database /tmp/cug/568736387_query_db

========================[ May 3, 2013 10:24 AM ]========================
Version 2.2.26 [Sep-21-2011]
Started database file "/tmp/cug/680174338_query.fasta"
Formatted 11 sequences in volume 0
SUCCESS: formatted database /tmp/cug/680174338_query_db

========================[ May 3, 2013 10:26 AM ]========================
Version 2.2.26 [Sep-21-2011]
Started database file "/tmp/cug/399613995_query.fasta"
Formatted 11 sequences in volume 0
SUCCESS: formatted database /tmp/cug/399613995_query_db

========================[ May 3, 2013 10:31 AM ]========================
Version 2.2.26 [Sep-21-2011]
Started database file "/tmp/cug/399613995_query.fasta"
Formatted 11 sequences in volume 0
SUCCESS: formatted database /tmp/cug/399613995_query_db

========================[ May 3, 2013 10:32 AM ]========================
Version 2.2.26 [Sep-21-2011]
Started database file "/tmp/cug/939752288_query.fasta"
Formatted 11 sequences in volume 0
SUCCESS: formatted database /tmp/cug/939752288_query_db

========================[ May 3, 2013 10:43 AM ]========================
Version 2.2.26 [Sep-21-2011]
Started database file "/tmp/cug/733046318_query.fasta"
Formatted 11 sequences in volume 0
SUCCESS: formatted database /tmp/cug/733046318_query_db

========================[ May 3, 2013 10:43 AM ]========================
Version 2.2.26 [Sep-21-2011]
Started database file "/tmp/cug/32280777_query.fasta"
Formatted 11 sequences in volume 0
SUCCESS: formatted database /tmp/cug/32280777_query_db

========================[ May 3, 2013 10:44 AM ]========================
Version 2.2.26 [Sep-21-2011]
Started database file "/tmp/cug/505461080_query.fasta"
Formatted 11 sequences in volume 0
SUCCESS: formatted database /tmp/cug/505461080_query_db

========================[ May 3, 2013 11:09 AM ]========================
Version 2.2.26 [Sep-21-2011]
Started database file "/tmp/cug/571303230_query.fasta"
Formatted 11 sequences in volume 0
SUCCESS: formatted database /tmp/cug/571303230_query_db

========================[ May 3, 2013 11:10 AM ]========================
Version 2.2.26 [Sep-21-2011]
Started database file "/tmp/cug/410120482_query.fasta"
Formatted 11 sequences in volume 0
SUCCESS: formatted database /tmp/cug/410120482_query_db

========================[ May 3, 2013 11:14 AM ]========================
Version 2.2.26 [Sep-21-2011]
Started database file "/tmp/cug/135997137_query.fasta"
Formatted 11 sequences in volume 0
SUCCESS: formatted database /tmp/cug/135997137_query_db

========================[ May 3, 2013 11:14 AM ]========================
Version 2.2.26 [Sep-21-2011]
Started database file "/tmp/cug/724065482_query.fasta"
Formatted 11 sequences in volume 0
SUCCESS: formatted database /tmp/cug/724065482_query_db

========================[ May 3, 2013 11:17 AM ]========================
Version 2.2.26 [Sep-21-2011]
Started database file "/tmp/cug/675541772_query.fasta"
Formatted 11 sequences in volume 0
SUCCESS: formatted database /tmp/cug/675541772_query_db

========================[ May 3, 2013 11:18 AM ]========================
Version 2.2.26 [Sep-21-2011]
Started database file "/tmp/cug/222880493_query.fasta"
Formatted 11 sequences in volume 0
SUCCESS: formatted database /tmp/cug/222880493_query_db

========================[ May 3, 2013 11:22 AM ]========================
Version 2.2.26 [Sep-21-2011]
Started database file "/tmp/cug/222880493_query.fasta"
Formatted 11 sequences in volume 0
SUCCESS: formatted database /tmp/cug/222880493_query_db

========================[ May 3, 2013 11:23 AM ]========================
Version 2.2.26 [Sep-21-2011]
Started database file "/tmp/cug/189909496_query.fasta"
Formatted 11 sequences in volume 0
SUCCESS: formatted database /tmp/cug/189909496_query_db

========================[ May 3, 2013 11:26 AM ]========================
Version 2.2.26 [Sep-21-2011]
Started database file "/tmp/cug/727837418_query.fasta"
Formatted 11 sequences in volume 0
SUCCESS: formatted database /tmp/cug/727837418_query_db

========================[ May 3, 2013 11:30 AM ]========================
Version 2.2.26 [Sep-21-2011]
Started database file "/tmp/cug/213844405_query.fasta"
Formatted 11 sequences in volume 0
SUCCESS: formatted database /tmp/cug/213844405_query_db

========================[ May 3, 2013 11:30 AM ]========================
Version 2.2.26 [Sep-21-2011]
Started database file "/tmp/cug/213844405_query.fasta"
Formatted 11 sequences in volume 0
SUCCESS: formatted database /tmp/cug/213844405_query_db

========================[ May 3, 2013 11:38 AM ]========================
Version 2.2.26 [Sep-21-2011]
Started database file "/tmp/cug/213844405_query.fasta"
Formatted 11 sequences in volume 0
SUCCESS: formatted database /tmp/cug/213844405_query_db

========================[ May 3, 2013 11:39 AM ]========================
Version 2.2.26 [Sep-21-2011]
Started database file "/tmp/cug/182650045_query.fasta"
Formatted 11 sequences in volume 0
SUCCESS: formatted database /tmp/cug/182650045_query_db

========================[ May 3, 2013 11:40 AM ]========================
Version 2.2.26 [Sep-21-2011]
Started database file "/tmp/cug/182650045_query.fasta"
Formatted 11 sequences in volume 0
SUCCESS: formatted database /tmp/cug/182650045_query_db

========================[ May 3, 2013 11:44 AM ]========================
Version 2.2.26 [Sep-21-2011]
Started database file "/tmp/cug/618291540_query.fasta"
Formatted 11 sequences in volume 0
SUCCESS: formatted database /tmp/cug/618291540_query_db

========================[ May 3, 2013 11:47 AM ]========================
Version 2.2.26 [Sep-21-2011]
Started database file "/tmp/cug/475886984_query.fasta"
Formatted 11 sequences in volume 0
SUCCESS: formatted database /tmp/cug/475886984_query_db

========================[ May 3, 2013 11:51 AM ]========================
Version 2.2.26 [Sep-21-2011]
Started database file "/tmp/cug/247225754_query.fasta"
Formatted 11 sequences in volume 0
SUCCESS: formatted database /tmp/cug/247225754_query_db

========================[ May 3, 2013 11:54 AM ]========================
Version 2.2.26 [Sep-21-2011]
Started database file "/tmp/cug/393699410_query.fasta"
Formatted 11 sequences in volume 0
SUCCESS: formatted database /tmp/cug/393699410_query_db

========================[ May 3, 2013 11:56 AM ]========================
Version 2.2.26 [Sep-21-2011]
Started database file "/tmp/cug/501100396_query.fasta"
Formatted 11 sequences in volume 0
SUCCESS: formatted database /tmp/cug/501100396_query_db

========================[ May 3, 2013 11:56 AM ]========================
Version 2.2.26 [Sep-21-2011]
Started database file "/tmp/cug/90102729_query.fasta"
Formatted 11 sequences in volume 0
SUCCESS: formatted database /tmp/cug/90102729_query_db

========================[ May 3, 2013 12:49 PM ]========================
Version 2.2.26 [Sep-21-2011]
Started database file "/tmp/cug/532678178_query.fasta"
Formatted 11 sequences in volume 0
SUCCESS: formatted database /tmp/cug/532678178_query_db

========================[ May 3, 2013 12:51 PM ]========================
Version 2.2.26 [Sep-21-2011]
Started database file "/tmp/cug/892691183_query.fasta"
Formatted 11 sequences in volume 0
SUCCESS: formatted database /tmp/cug/892691183_query_db

========================[ May 3, 2013 12:52 PM ]========================
Version 2.2.26 [Sep-21-2011]
Started database file "/tmp/cug/973484573_query.fasta"
Formatted 11 sequences in volume 0
SUCCESS: formatted database /tmp/cug/973484573_query_db

========================[ May 3, 2013 12:59 PM ]========================
Version 2.2.26 [Sep-21-2011]
Started database file "/tmp/cug/16423207_query.fasta"
Formatted 11 sequences in volume 0
SUCCESS: formatted database /tmp/cug/16423207_query_db

========================[ May 3, 2013  1:01 PM ]========================
Version 2.2.26 [Sep-21-2011]
Started database file "/tmp/cug/376446868_query.fasta"
Formatted 11 sequences in volume 0
SUCCESS: formatted database /tmp/cug/376446868_query_db

========================[ May 3, 2013  1:08 PM ]========================
Version 2.2.26 [Sep-21-2011]
Started database file "/tmp/cug/122083188_query.fasta"
Formatted 11 sequences in volume 0
SUCCESS: formatted database /tmp/cug/122083188_query_db

========================[ May 3, 2013  1:12 PM ]========================
Version 2.2.26 [Sep-21-2011]
Started database file "/tmp/cug/569602410_query.fasta"
Formatted 11 sequences in volume 0
SUCCESS: formatted database /tmp/cug/569602410_query_db

========================[ May 3, 2013  1:13 PM ]========================
Version 2.2.26 [Sep-21-2011]
Started database file "/tmp/cug/569602410_query.fasta"
Formatted 11 sequences in volume 0
SUCCESS: formatted database /tmp/cug/569602410_query_db

========================[ May 3, 2013  1:13 PM ]========================
Version 2.2.26 [Sep-21-2011]
Started database file "/tmp/cug/569602410_query.fasta"
Formatted 11 sequences in volume 0
SUCCESS: formatted database /tmp/cug/569602410_query_db

========================[ May 3, 2013  1:14 PM ]========================
Version 2.2.26 [Sep-21-2011]
Started database file "/tmp/cug/569602410_query.fasta"
Formatted 11 sequences in volume 0
SUCCESS: formatted database /tmp/cug/569602410_query_db

========================[ May 3, 2013  1:14 PM ]========================
Version 2.2.26 [Sep-21-2011]
Started database file "/tmp/cug/569602410_query.fasta"
Formatted 11 sequences in volume 0
SUCCESS: formatted database /tmp/cug/569602410_query_db

========================[ May 3, 2013  1:15 PM ]========================
Version 2.2.26 [Sep-21-2011]
Started database file "/tmp/cug/312890386_query.fasta"
Formatted 11 sequences in volume 0
SUCCESS: formatted database /tmp/cug/312890386_query_db

========================[ May 3, 2013  1:17 PM ]========================
Version 2.2.26 [Sep-21-2011]
Started database file "/tmp/cug/841760959_query.fasta"
Formatted 11 sequences in volume 0
SUCCESS: formatted database /tmp/cug/841760959_query_db

========================[ May 3, 2013  1:24 PM ]========================
Version 2.2.26 [Sep-21-2011]
Started database file "/tmp/cug/357828183_query.fasta"
Formatted 11 sequences in volume 0
SUCCESS: formatted database /tmp/cug/357828183_query_db

========================[ May 3, 2013  1:26 PM ]========================
Version 2.2.26 [Sep-21-2011]
Started database file "/tmp/cug/754187557_query.fasta"
Formatted 11 sequences in volume 0
SUCCESS: formatted database /tmp/cug/754187557_query_db

========================[ May 3, 2013  1:32 PM ]========================
Version 2.2.26 [Sep-21-2011]
Started database file "/tmp/cug/690028089_query.fasta"
Formatted 11 sequences in volume 0
SUCCESS: formatted database /tmp/cug/690028089_query_db

========================[ May 3, 2013  2:21 PM ]========================
Version 2.2.26 [Sep-21-2011]
Started database file "/tmp/cug/690028089_query.fasta"
Formatted 11 sequences in volume 0
SUCCESS: formatted database /tmp/cug/690028089_query_db

========================[ May 3, 2013  2:26 PM ]========================
Version 2.2.26 [Sep-21-2011]
Started database file "/tmp/cug/842114492_query.fasta"
Formatted 11 sequences in volume 0
SUCCESS: formatted database /tmp/cug/842114492_query_db

========================[ May 3, 2013  2:31 PM ]========================
Version 2.2.26 [Sep-21-2011]
Started database file "/tmp/cug/774374969_query.fasta"
Formatted 11 sequences in volume 0
SUCCESS: formatted database /tmp/cug/774374969_query_db

========================[ May 3, 2013  2:38 PM ]========================
Version 2.2.26 [Sep-21-2011]
Started database file "/tmp/cug/774374969_query.fasta"
Formatted 11 sequences in volume 0
SUCCESS: formatted database /tmp/cug/774374969_query_db

========================[ May 3, 2013  2:47 PM ]========================
Version 2.2.26 [Sep-21-2011]
Started database file "/tmp/cug/42386782_query.fasta"
Formatted 11 sequences in volume 0
SUCCESS: formatted database /tmp/cug/42386782_query_db

========================[ May 3, 2013  2:58 PM ]========================
Version 2.2.26 [Sep-21-2011]
Started database file "/tmp/cug/481208772_query.fasta"
Formatted 11 sequences in volume 0
SUCCESS: formatted database /tmp/cug/481208772_query_db

========================[ May 3, 2013  3:00 PM ]========================
Version 2.2.26 [Sep-21-2011]
Started database file "/tmp/cug/978544664_query.fasta"
Formatted 11 sequences in volume 0
SUCCESS: formatted database /tmp/cug/978544664_query_db

========================[ May 3, 2013  3:03 PM ]========================
Version 2.2.26 [Sep-21-2011]
Started database file "/tmp/cug/978544664_query.fasta"
Formatted 11 sequences in volume 0
SUCCESS: formatted database /tmp/cug/978544664_query_db

========================[ May 3, 2013  3:28 PM ]========================
Version 2.2.26 [Sep-21-2011]
Started database file "/tmp/cug/978544664_query.fasta"
Formatted 11 sequences in volume 0
SUCCESS: formatted database /tmp/cug/978544664_query_db

========================[ May 3, 2013  3:31 PM ]========================
Version 2.2.26 [Sep-21-2011]
Started database file "/tmp/cug/965395184_query.fasta"
Formatted 11 sequences in volume 0
SUCCESS: formatted database /tmp/cug/965395184_query_db

========================[ May 3, 2013  4:04 PM ]========================
Version 2.2.26 [Sep-21-2011]
Started database file "/tmp/cug/893568374_query.fasta"
Formatted 11 sequences in volume 0
SUCCESS: formatted database /tmp/cug/893568374_query_db

========================[ May 3, 2013  4:17 PM ]========================
Version 2.2.26 [Sep-21-2011]
Started database file "/tmp/cug/754040255_query.fasta"
Formatted 11 sequences in volume 0
SUCCESS: formatted database /tmp/cug/754040255_query_db

========================[ May 3, 2013  4:19 PM ]========================
Version 2.2.26 [Sep-21-2011]
Started database file "/tmp/cug/150193989_query.fasta"
Formatted 11 sequences in volume 0
SUCCESS: formatted database /tmp/cug/150193989_query_db

========================[ May 3, 2013  4:20 PM ]========================
Version 2.2.26 [Sep-21-2011]
Started database file "/tmp/cug/170513841_query.fasta"
Formatted 11 sequences in volume 0
SUCCESS: formatted database /tmp/cug/170513841_query_db

========================[ May 3, 2013  4:21 PM ]========================
Version 2.2.26 [Sep-21-2011]
Started database file "/tmp/cug/20900062_query.fasta"
Formatted 11 sequences in volume 0
SUCCESS: formatted database /tmp/cug/20900062_query_db

========================[ May 3, 2013  4:22 PM ]========================
Version 2.2.26 [Sep-21-2011]
Started database file "/tmp/cug/155028280_query.fasta"
Formatted 11 sequences in volume 0
SUCCESS: formatted database /tmp/cug/155028280_query_db

========================[ May 6, 2013  8:43 AM ]========================
Version 2.2.26 [Sep-21-2011]
Started database file "/tmp/cug/306455774_query.fasta"
Formatted 11 sequences in volume 0
SUCCESS: formatted database /tmp/cug/306455774_query_db

========================[ May 6, 2013  8:53 AM ]========================
Version 2.2.26 [Sep-21-2011]
Started database file "/tmp/cug/435624438_query.fasta"
Formatted 11 sequences in volume 0
SUCCESS: formatted database /tmp/cug/435624438_query_db

========================[ May 6, 2013  9:03 AM ]========================
Version 2.2.26 [Sep-21-2011]
Started database file "/tmp/cug/820680131_query.fasta"
Formatted 11 sequences in volume 0
SUCCESS: formatted database /tmp/cug/820680131_query_db

========================[ May 6, 2013  9:13 AM ]========================
Version 2.2.26 [Sep-21-2011]
Started database file "/tmp/cug/261399922_query.fasta"
Formatted 11 sequences in volume 0
SUCCESS: formatted database /tmp/cug/261399922_query_db

========================[ May 6, 2013  9:18 AM ]========================
Version 2.2.26 [Sep-21-2011]
Started database file "/tmp/cug/261399922_query.fasta"
Formatted 11 sequences in volume 0
SUCCESS: formatted database /tmp/cug/261399922_query_db

========================[ May 6, 2013  9:22 AM ]========================
Version 2.2.26 [Sep-21-2011]
Started database file "/tmp/cug/983617119_query.fasta"
Formatted 11 sequences in volume 0
SUCCESS: formatted database /tmp/cug/983617119_query_db

========================[ May 6, 2013  9:26 AM ]========================
Version 2.2.26 [Sep-21-2011]
Started database file "/tmp/cug/866603867_query.fasta"
Formatted 11 sequences in volume 0
SUCCESS: formatted database /tmp/cug/866603867_query_db

========================[ May 6, 2013  9:27 AM ]========================
Version 2.2.26 [Sep-21-2011]
Started database file "/tmp/cug/293551524_query.fasta"
Formatted 11 sequences in volume 0
SUCCESS: formatted database /tmp/cug/293551524_query_db

========================[ May 6, 2013  9:31 AM ]========================
Version 2.2.26 [Sep-21-2011]
Started database file "/tmp/cug/574532950_query.fasta"
Formatted 11 sequences in volume 0
SUCCESS: formatted database /tmp/cug/574532950_query_db

========================[ May 6, 2013 10:55 AM ]========================
Version 2.2.26 [Sep-21-2011]
Started database file "/tmp/cug/574532950_query.fasta"
Formatted 11 sequences in volume 0
SUCCESS: formatted database /tmp/cug/574532950_query_db

========================[ May 6, 2013 11:09 AM ]========================
Version 2.2.26 [Sep-21-2011]
Started database file "/tmp/cug/625958556_query.fasta"
Formatted 11 sequences in volume 0
SUCCESS: formatted database /tmp/cug/625958556_query_db

========================[ May 6, 2013 11:12 AM ]========================
Version 2.2.26 [Sep-21-2011]
Started database file "/tmp/cug/625958556_query.fasta"
Formatted 11 sequences in volume 0
SUCCESS: formatted database /tmp/cug/625958556_query_db

========================[ May 6, 2013 11:15 AM ]========================
Version 2.2.26 [Sep-21-2011]
Started database file "/tmp/cug/500728957_query.fasta"
Formatted 11 sequences in volume 0
SUCCESS: formatted database /tmp/cug/500728957_query_db

========================[ May 6, 2013 11:19 AM ]========================
Version 2.2.26 [Sep-21-2011]
Started database file "/tmp/cug/311641261_query.fasta"
Formatted 11 sequences in volume 0
SUCCESS: formatted database /tmp/cug/311641261_query_db

========================[ May 6, 2013 11:33 AM ]========================
Version 2.2.26 [Sep-21-2011]
Started database file "/tmp/cug/311641261_query.fasta"
Formatted 11 sequences in volume 0
SUCCESS: formatted database /tmp/cug/311641261_query_db

========================[ May 6, 2013 11:34 AM ]========================
Version 2.2.26 [Sep-21-2011]
Started database file "/tmp/cug/311641261_query.fasta"
Formatted 11 sequences in volume 0
SUCCESS: formatted database /tmp/cug/311641261_query_db

========================[ May 17, 2013  2:50 PM ]========================
Version 2.2.26 [Sep-21-2011]
Started database file "/tmp/cug/801606043_query.fasta"
Formatted 11 sequences in volume 0
SUCCESS: formatted database /tmp/cug/801606043_query_db

========================[ May 17, 2013  3:00 PM ]========================
Version 2.2.26 [Sep-21-2011]
Started database file "/tmp/cug/801606043_query.fasta"
Formatted 11 sequences in volume 0
SUCCESS: formatted database /tmp/cug/801606043_query_db

========================[ May 17, 2013  3:02 PM ]========================
Version 2.2.26 [Sep-21-2011]
Started database file "/tmp/cug/801606043_query.fasta"
Formatted 11 sequences in volume 0
SUCCESS: formatted database /tmp/cug/801606043_query_db

========================[ May 17, 2013  3:02 PM ]========================
Version 2.2.26 [Sep-21-2011]
Started database file "/tmp/cug/801606043_query.fasta"
Formatted 11 sequences in volume 0
SUCCESS: formatted database /tmp/cug/801606043_query_db

========================[ May 17, 2013  3:02 PM ]========================
Version 2.2.26 [Sep-21-2011]
Started database file "/tmp/cug/801606043_query.fasta"
Formatted 11 sequences in volume 0
SUCCESS: formatted database /tmp/cug/801606043_query_db

========================[ May 17, 2013  3:46 PM ]========================
Version 2.2.26 [Sep-21-2011]
Started database file "/tmp/cug/8875507_query.fasta"
Formatted 11 sequences in volume 0
SUCCESS: formatted database /tmp/cug/8875507_query_db

========================[ May 17, 2013  3:47 PM ]========================
Version 2.2.26 [Sep-21-2011]
Started database file "/tmp/cug/495656897_query.fasta"
Formatted 11 sequences in volume 0
SUCCESS: formatted database /tmp/cug/495656897_query_db

========================[ May 17, 2013  3:51 PM ]========================
Version 2.2.26 [Sep-21-2011]
Started database file "/tmp/cug/650375097_query.fasta"
Formatted 11 sequences in volume 0
SUCCESS: formatted database /tmp/cug/650375097_query_db

========================[ May 17, 2013  3:59 PM ]========================
Version 2.2.26 [Sep-21-2011]
Started database file "/tmp/cug/25575586_query.fasta"
Formatted 11 sequences in volume 0
SUCCESS: formatted database /tmp/cug/25575586_query_db

========================[ May 17, 2013  4:02 PM ]========================
Version 2.2.26 [Sep-21-2011]
Started database file "/tmp/cug/663302879_query.fasta"
Formatted 11 sequences in volume 0
SUCCESS: formatted database /tmp/cug/663302879_query_db

========================[ May 17, 2013  4:27 PM ]========================
Version 2.2.26 [Sep-21-2011]
Started database file "/tmp/cug/398230191_query.fasta"
Formatted 11 sequences in volume 0
SUCCESS: formatted database /tmp/cug/398230191_query_db

========================[ May 21, 2013 10:05 AM ]========================
Version 2.2.26 [Sep-21-2011]
Started database file "/tmp/cug/229100703_query.fasta"
Formatted 11 sequences in volume 0
SUCCESS: formatted database /tmp/cug/229100703_query_db

========================[ May 21, 2013 10:13 AM ]========================
Version 2.2.26 [Sep-21-2011]
Started database file "/tmp/cug/229100703_query.fasta"
Formatted 11 sequences in volume 0
SUCCESS: formatted database /tmp/cug/229100703_query_db

========================[ May 21, 2013 10:17 AM ]========================
Version 2.2.26 [Sep-21-2011]
Started database file "/tmp/cug/716103690_query.fasta"
Formatted 11 sequences in volume 0
SUCCESS: formatted database /tmp/cug/716103690_query_db

========================[ May 21, 2013 10:33 AM ]========================
Version 2.2.26 [Sep-21-2011]
Started database file "/tmp/cug/346394102_query.fasta"
Formatted 11 sequences in volume 0
SUCCESS: formatted database /tmp/cug/346394102_query_db

========================[ May 21, 2013 10:37 AM ]========================
Version 2.2.26 [Sep-21-2011]
Started database file "/tmp/cug/346394102_query.fasta"
Formatted 11 sequences in volume 0
SUCCESS: formatted database /tmp/cug/346394102_query_db

========================[ May 21, 2013 10:53 AM ]========================
Version 2.2.26 [Sep-21-2011]
Started database file "/tmp/cug/346394102_query.fasta"
Formatted 11 sequences in volume 0
SUCCESS: formatted database /tmp/cug/346394102_query_db

========================[ May 21, 2013 10:55 AM ]========================
Version 2.2.26 [Sep-21-2011]
Started database file "/tmp/cug/279228443_query.fasta"
Formatted 11 sequences in volume 0
SUCCESS: formatted database /tmp/cug/279228443_query_db

========================[ May 21, 2013 11:03 AM ]========================
Version 2.2.26 [Sep-21-2011]
Started database file "/tmp/cug/279228443_query.fasta"
Formatted 11 sequences in volume 0
SUCCESS: formatted database /tmp/cug/279228443_query_db

========================[ May 21, 2013 11:11 AM ]========================
Version 2.2.26 [Sep-21-2011]
Started database file "/tmp/cug/799367884_query.fasta"
Formatted 11 sequences in volume 0
SUCCESS: formatted database /tmp/cug/799367884_query_db

========================[ May 21, 2013 11:29 AM ]========================
Version 2.2.26 [Sep-21-2011]
Started database file "/tmp/cug/809494801_query.fasta"
Formatted 11 sequences in volume 0
SUCCESS: formatted database /tmp/cug/809494801_query_db

========================[ May 21, 2013 11:46 AM ]========================
Version 2.2.26 [Sep-21-2011]
Started database file "/tmp/cug/414417986_query.fasta"
Formatted 11 sequences in volume 0
SUCCESS: formatted database /tmp/cug/414417986_query_db

========================[ May 21, 2013 11:47 AM ]========================
Version 2.2.26 [Sep-21-2011]
Started database file "/tmp/cug/414417986_query.fasta"
Formatted 11 sequences in volume 0
SUCCESS: formatted database /tmp/cug/414417986_query_db

========================[ May 21, 2013 11:49 AM ]========================
Version 2.2.26 [Sep-21-2011]
Started database file "/tmp/cug/414417986_query.fasta"
Formatted 11 sequences in volume 0
SUCCESS: formatted database /tmp/cug/414417986_query_db

========================[ May 21, 2013 12:58 PM ]========================
Version 2.2.26 [Sep-21-2011]
Started database file "/tmp/cug/414417986_query.fasta"
Formatted 11 sequences in volume 0
SUCCESS: formatted database /tmp/cug/414417986_query_db

========================[ May 21, 2013  1:14 PM ]========================
Version 2.2.26 [Sep-21-2011]
Started database file "/tmp/cug/414417986_query.fasta"
Formatted 11 sequences in volume 0
SUCCESS: formatted database /tmp/cug/414417986_query_db

========================[ May 21, 2013  1:15 PM ]========================
Version 2.2.26 [Sep-21-2011]
Started database file "/tmp/cug/414417986_query.fasta"
Formatted 11 sequences in volume 0
SUCCESS: formatted database /tmp/cug/414417986_query_db

========================[ May 21, 2013  1:16 PM ]========================
Version 2.2.26 [Sep-21-2011]
Started database file "/tmp/cug/45304316_query.fasta"
Formatted 11 sequences in volume 0
SUCCESS: formatted database /tmp/cug/45304316_query_db

========================[ May 21, 2013  1:19 PM ]========================
Version 2.2.26 [Sep-21-2011]
Started database file "/tmp/cug/45304316_query.fasta"
Formatted 11 sequences in volume 0
SUCCESS: formatted database /tmp/cug/45304316_query_db

========================[ May 21, 2013  1:29 PM ]========================
Version 2.2.26 [Sep-21-2011]
Started database file "/tmp/cug/45304316_query.fasta"
Formatted 11 sequences in volume 0
SUCCESS: formatted database /tmp/cug/45304316_query_db

========================[ May 21, 2013  1:30 PM ]========================
Version 2.2.26 [Sep-21-2011]
Started database file "/tmp/cug/45304316_query.fasta"
Formatted 11 sequences in volume 0
SUCCESS: formatted database /tmp/cug/45304316_query_db

========================[ May 21, 2013  1:33 PM ]========================
Version 2.2.26 [Sep-21-2011]
Started database file "/tmp/cug/45304316_query.fasta"
Formatted 11 sequences in volume 0
SUCCESS: formatted database /tmp/cug/45304316_query_db

========================[ May 21, 2013  1:39 PM ]========================
Version 2.2.26 [Sep-21-2011]
Started database file "/tmp/cug/45304316_query.fasta"
Formatted 11 sequences in volume 0
SUCCESS: formatted database /tmp/cug/45304316_query_db

========================[ May 21, 2013  1:46 PM ]========================
Version 2.2.26 [Sep-21-2011]
Started database file "/tmp/cug/45304316_query.fasta"
Formatted 11 sequences in volume 0
SUCCESS: formatted database /tmp/cug/45304316_query_db

========================[ May 21, 2013  1:48 PM ]========================
Version 2.2.26 [Sep-21-2011]
Started database file "/tmp/cug/45304316_query.fasta"
Formatted 11 sequences in volume 0
SUCCESS: formatted database /tmp/cug/45304316_query_db

========================[ May 21, 2013  1:52 PM ]========================
Version 2.2.26 [Sep-21-2011]
Started database file "/tmp/cug/45304316_query.fasta"
Formatted 11 sequences in volume 0
SUCCESS: formatted database /tmp/cug/45304316_query_db

========================[ May 21, 2013  1:52 PM ]========================
Version 2.2.26 [Sep-21-2011]
Started database file "/tmp/cug/45304316_query.fasta"
Formatted 11 sequences in volume 0
SUCCESS: formatted database /tmp/cug/45304316_query_db

========================[ May 21, 2013  1:54 PM ]========================
Version 2.2.26 [Sep-21-2011]
Started database file "/tmp/cug/45304316_query.fasta"
Formatted 11 sequences in volume 0
SUCCESS: formatted database /tmp/cug/45304316_query_db

========================[ May 21, 2013  1:55 PM ]========================
Version 2.2.26 [Sep-21-2011]
Started database file "/tmp/cug/45304316_query.fasta"
Formatted 11 sequences in volume 0
SUCCESS: formatted database /tmp/cug/45304316_query_db

========================[ May 21, 2013  1:57 PM ]========================
Version 2.2.26 [Sep-21-2011]
Started database file "/tmp/cug/610123071_query.fasta"
Formatted 11 sequences in volume 0
SUCCESS: formatted database /tmp/cug/610123071_query_db

========================[ May 21, 2013  1:58 PM ]========================
Version 2.2.26 [Sep-21-2011]
Started database file "/tmp/cug/787898891_query.fasta"
Formatted 11 sequences in volume 0
SUCCESS: formatted database /tmp/cug/787898891_query_db

========================[ May 21, 2013  1:58 PM ]========================
Version 2.2.26 [Sep-21-2011]
Started database file "/tmp/cug/136802810_query.fasta"
Formatted 11 sequences in volume 0
SUCCESS: formatted database /tmp/cug/136802810_query_db

========================[ May 21, 2013  2:00 PM ]========================
Version 2.2.26 [Sep-21-2011]
Started database file "/tmp/cug/136802810_query.fasta"
Formatted 11 sequences in volume 0
SUCCESS: formatted database /tmp/cug/136802810_query_db

========================[ May 21, 2013  2:04 PM ]========================
Version 2.2.26 [Sep-21-2011]
Started database file "/tmp/cug/136802810_query.fasta"
Formatted 11 sequences in volume 0
SUCCESS: formatted database /tmp/cug/136802810_query_db

========================[ May 21, 2013  2:05 PM ]========================
Version 2.2.26 [Sep-21-2011]
Started database file "/tmp/cug/136802810_query.fasta"
Formatted 11 sequences in volume 0
SUCCESS: formatted database /tmp/cug/136802810_query_db

========================[ May 21, 2013  2:09 PM ]========================
Version 2.2.26 [Sep-21-2011]
Started database file "/tmp/cug/136802810_query.fasta"
Formatted 11 sequences in volume 0
SUCCESS: formatted database /tmp/cug/136802810_query_db

========================[ May 21, 2013  2:10 PM ]========================
Version 2.2.26 [Sep-21-2011]
Started database file "/tmp/cug/136802810_query.fasta"
Formatted 11 sequences in volume 0
SUCCESS: formatted database /tmp/cug/136802810_query_db

========================[ May 21, 2013  2:15 PM ]========================
Version 2.2.26 [Sep-21-2011]
Started database file "/tmp/cug/136802810_query.fasta"
Formatted 11 sequences in volume 0
SUCCESS: formatted database /tmp/cug/136802810_query_db

========================[ May 21, 2013  2:20 PM ]========================
Version 2.2.26 [Sep-21-2011]
Started database file "/tmp/cug/136802810_query.fasta"
Formatted 11 sequences in volume 0
SUCCESS: formatted database /tmp/cug/136802810_query_db

========================[ May 21, 2013  2:22 PM ]========================
Version 2.2.26 [Sep-21-2011]
Started database file "/tmp/cug/136802810_query.fasta"
Formatted 11 sequences in volume 0
SUCCESS: formatted database /tmp/cug/136802810_query_db

========================[ May 21, 2013  2:23 PM ]========================
Version 2.2.26 [Sep-21-2011]
Started database file "/tmp/cug/136802810_query.fasta"
Formatted 11 sequences in volume 0
SUCCESS: formatted database /tmp/cug/136802810_query_db

========================[ May 21, 2013  4:34 PM ]========================
Version 2.2.26 [Sep-21-2011]
Started database file "/tmp/cug/971097669_query.fasta"
Formatted 11 sequences in volume 0
SUCCESS: formatted database /tmp/cug/971097669_query_db

========================[ May 21, 2013  4:37 PM ]========================
Version 2.2.26 [Sep-21-2011]
Started database file "/tmp/cug/853099982_query.fasta"
Formatted 11 sequences in volume 0
SUCCESS: formatted database /tmp/cug/853099982_query_db

========================[ May 21, 2013  4:38 PM ]========================
Version 2.2.26 [Sep-21-2011]
Started database file "/tmp/cug/853099982_query.fasta"
Formatted 11 sequences in volume 0
SUCCESS: formatted database /tmp/cug/853099982_query_db
